<?xml version="1.0" encoding="UTF-8"?>
<testng-results skipped="0" failed="0" ignored="0" total="1" passed="1">
  <reporter-output>
  </reporter-output>
  <suite name="Default suite" duration-ms="28787" started-at="2023-01-05T12:06:48Z" finished-at="2023-01-05T12:07:17Z">
    <groups>
    </groups>
    <test name="Default test" duration-ms="28787" started-at="2023-01-05T12:06:48Z" finished-at="2023-01-05T12:07:17Z">
      <class name="BasicTests.Launch">
        <test-method status="PASS" signature="simpleLaunch()[pri:0, instance:BasicTests.Launch@5c7fa833]" name="simpleLaunch" duration-ms="28772" started-at="2023-01-05T13:06:48Z" finished-at="2023-01-05T13:07:17Z">
          <reporter-output>
          </reporter-output>
        </test-method> <!-- simpleLaunch -->
      </class> <!-- BasicTests.Launch -->
    </test> <!-- Default test -->
  </suite> <!-- Default suite -->
</testng-results>
