<?xml version="1.0" encoding="UTF-8"?>
<testng-results skipped="0" failed="0" ignored="0" total="1" passed="1">
  <reporter-output>
  </reporter-output>
  <suite name="Default suite" duration-ms="28262" started-at="2023-01-02T21:12:25Z" finished-at="2023-01-02T21:12:53Z">
    <groups>
    </groups>
    <test name="Default test" duration-ms="28262" started-at="2023-01-02T21:12:25Z" finished-at="2023-01-02T21:12:53Z">
      <class name="BasicTests.Launch">
        <test-method status="PASS" signature="simpleLaunch()[pri:0, instance:BasicTests.Launch@20e2cbe0]" name="simpleLaunch" duration-ms="28247" started-at="2023-01-02T22:12:25Z" finished-at="2023-01-02T22:12:53Z">
          <reporter-output>
          </reporter-output>
        </test-method> <!-- simpleLaunch -->
      </class> <!-- BasicTests.Launch -->
    </test> <!-- Default test -->
  </suite> <!-- Default suite -->
</testng-results>
